<?xml version="1.0" encoding="UTF-8"?>
<testng-results ignored="0" total="20" passed="20" failed="0" skipped="0">
  <reporter-output>
  </reporter-output>
  <suite started-at="2023-07-21T00:11:53 EDT" name="Default suite" finished-at="2023-07-21T00:12:22 EDT" duration-ms="29763">
    <groups>
      <group name="cucumber">
        <method signature="AbstractTestNGCucumberTests.runScenario(io.cucumber.testng.PickleWrapper,io.cucumber.testng.FeatureWrapper)[pri:0, instance:RunnerFile.RunnerClass@77fbd92c]" name="runScenario" class="io.cucumber.testng.AbstractTestNGCucumberTests"/>
      </group> <!-- cucumber -->
    </groups>
    <test started-at="2023-07-21T00:11:53 EDT" name="Default test" finished-at="2023-07-21T00:12:22 EDT" duration-ms="29763">
      <class name="RunnerFile.RunnerClass">
        <test-method is-config="true" signature="setUpClass(org.testng.ITestContext)[pri:0, instance:RunnerFile.RunnerClass@77fbd92c]" started-at="2023-07-21T00:11:53 EDT" name="setUpClass" finished-at="2023-07-21T00:11:54 EDT" duration-ms="973" status="PASS">
          <params>
            <param index="0">
              <value>
                <![CDATA[org.testng.TestRunner@748904e8]]>
              </value>
            </param>
          </params>
          <reporter-output>
          </reporter-output>
        </test-method> <!-- setUpClass -->
        <test-method signature="runScenario(io.cucumber.testng.PickleWrapper,io.cucumber.testng.FeatureWrapper)[pri:0, instance:RunnerFile.RunnerClass@77fbd92c]" started-at="2023-07-21T00:11:54 EDT" name="runScenario" description="Runs Cucumber Scenarios" data-provider="scenarios" finished-at="2023-07-21T00:12:02 EDT" duration-ms="8746" status="PASS">
          <params>
            <param index="0">
              <value>
                <![CDATA["User launch home page of an DSALgo Project"]]>
              </value>
            </param>
            <param index="1">
              <value>
                <![CDATA["To Test the HomePage"]]>
              </value>
            </param>
          </params>
          <reporter-output>
          </reporter-output>
        </test-method> <!-- runScenario -->
        <test-method signature="runScenario(io.cucumber.testng.PickleWrapper,io.cucumber.testng.FeatureWrapper)[pri:0, instance:RunnerFile.RunnerClass@77fbd92c]" started-at="2023-07-21T00:12:02 EDT" name="runScenario" description="Runs Cucumber Scenarios" data-provider="scenarios" finished-at="2023-07-21T00:12:04 EDT" duration-ms="1987" status="PASS">
          <params>
            <param index="0">
              <value>
                <![CDATA["User is clicking Data Structures"]]>
              </value>
            </param>
            <param index="1">
              <value>
                <![CDATA["To Test the HomePage"]]>
              </value>
            </param>
          </params>
          <reporter-output>
          </reporter-output>
        </test-method> <!-- runScenario -->
        <test-method signature="runScenario(io.cucumber.testng.PickleWrapper,io.cucumber.testng.FeatureWrapper)[pri:0, instance:RunnerFile.RunnerClass@77fbd92c]" started-at="2023-07-21T00:12:04 EDT" name="runScenario" description="Runs Cucumber Scenarios" data-provider="scenarios" finished-at="2023-07-21T00:12:06 EDT" duration-ms="1591" status="PASS">
          <params>
            <param index="0">
              <value>
                <![CDATA["User is clicking Data Structures"]]>
              </value>
            </param>
            <param index="1">
              <value>
                <![CDATA["To Test the HomePage"]]>
              </value>
            </param>
          </params>
          <reporter-output>
          </reporter-output>
        </test-method> <!-- runScenario -->
        <test-method signature="runScenario(io.cucumber.testng.PickleWrapper,io.cucumber.testng.FeatureWrapper)[pri:0, instance:RunnerFile.RunnerClass@77fbd92c]" started-at="2023-07-21T00:12:06 EDT" name="runScenario" description="Runs Cucumber Scenarios" data-provider="scenarios" finished-at="2023-07-21T00:12:08 EDT" duration-ms="1595" status="PASS">
          <params>
            <param index="0">
              <value>
                <![CDATA["User is clicking Data Structures"]]>
              </value>
            </param>
            <param index="1">
              <value>
                <![CDATA["To Test the HomePage"]]>
              </value>
            </param>
          </params>
          <reporter-output>
          </reporter-output>
        </test-method> <!-- runScenario -->
        <test-method signature="runScenario(io.cucumber.testng.PickleWrapper,io.cucumber.testng.FeatureWrapper)[pri:0, instance:RunnerFile.RunnerClass@77fbd92c]" started-at="2023-07-21T00:12:08 EDT" name="runScenario" description="Runs Cucumber Scenarios" data-provider="scenarios" finished-at="2023-07-21T00:12:09 EDT" duration-ms="1558" status="PASS">
          <params>
            <param index="0">
              <value>
                <![CDATA["User is clicking Data Structures"]]>
              </value>
            </param>
            <param index="1">
              <value>
                <![CDATA["To Test the HomePage"]]>
              </value>
            </param>
          </params>
          <reporter-output>
          </reporter-output>
        </test-method> <!-- runScenario -->
        <test-method signature="runScenario(io.cucumber.testng.PickleWrapper,io.cucumber.testng.FeatureWrapper)[pri:0, instance:RunnerFile.RunnerClass@77fbd92c]" started-at="2023-07-21T00:12:09 EDT" name="runScenario" description="Runs Cucumber Scenarios" data-provider="scenarios" finished-at="2023-07-21T00:12:11 EDT" duration-ms="1635" status="PASS">
          <params>
            <param index="0">
              <value>
                <![CDATA["User is clicking Data Structures"]]>
              </value>
            </param>
            <param index="1">
              <value>
                <![CDATA["To Test the HomePage"]]>
              </value>
            </param>
          </params>
          <reporter-output>
          </reporter-output>
        </test-method> <!-- runScenario -->
        <test-method signature="runScenario(io.cucumber.testng.PickleWrapper,io.cucumber.testng.FeatureWrapper)[pri:0, instance:RunnerFile.RunnerClass@77fbd92c]" started-at="2023-07-21T00:12:11 EDT" name="runScenario" description="Runs Cucumber Scenarios" data-provider="scenarios" finished-at="2023-07-21T00:12:12 EDT" duration-ms="1507" status="PASS">
          <params>
            <param index="0">
              <value>
                <![CDATA["User is clicking Data Structures"]]>
              </value>
            </param>
            <param index="1">
              <value>
                <![CDATA["To Test the HomePage"]]>
              </value>
            </param>
          </params>
          <reporter-output>
          </reporter-output>
        </test-method> <!-- runScenario -->
        <test-method signature="runScenario(io.cucumber.testng.PickleWrapper,io.cucumber.testng.FeatureWrapper)[pri:0, instance:RunnerFile.RunnerClass@77fbd92c]" started-at="2023-07-21T00:12:12 EDT" name="runScenario" description="Runs Cucumber Scenarios" data-provider="scenarios" finished-at="2023-07-21T00:12:13 EDT" duration-ms="500" status="PASS">
          <params>
            <param index="0">
              <value>
                <![CDATA["The user is presented with error message for empty fields below username textbox"]]>
              </value>
            </param>
            <param index="1">
              <value>
                <![CDATA["Feature file to test register"]]>
              </value>
            </param>
          </params>
          <reporter-output>
          </reporter-output>
        </test-method> <!-- runScenario -->
        <test-method signature="runScenario(io.cucumber.testng.PickleWrapper,io.cucumber.testng.FeatureWrapper)[pri:0, instance:RunnerFile.RunnerClass@77fbd92c]" started-at="2023-07-21T00:12:13 EDT" name="runScenario" description="Runs Cucumber Scenarios" data-provider="scenarios" finished-at="2023-07-21T00:12:13 EDT" duration-ms="477" status="PASS">
          <params>
            <param index="0">
              <value>
                <![CDATA["The user is presented with error message for empty fields below Password textbox"]]>
              </value>
            </param>
            <param index="1">
              <value>
                <![CDATA["Feature file to test register"]]>
              </value>
            </param>
          </params>
          <reporter-output>
          </reporter-output>
        </test-method> <!-- runScenario -->
        <test-method signature="runScenario(io.cucumber.testng.PickleWrapper,io.cucumber.testng.FeatureWrapper)[pri:0, instance:RunnerFile.RunnerClass@77fbd92c]" started-at="2023-07-21T00:12:13 EDT" name="runScenario" description="Runs Cucumber Scenarios" data-provider="scenarios" finished-at="2023-07-21T00:12:14 EDT" duration-ms="386" status="PASS">
          <params>
            <param index="0">
              <value>
                <![CDATA["The user is presented with error message for empty fields below Password1 textbox"]]>
              </value>
            </param>
            <param index="1">
              <value>
                <![CDATA["Feature file to test register"]]>
              </value>
            </param>
          </params>
          <reporter-output>
          </reporter-output>
        </test-method> <!-- runScenario -->
        <test-method signature="runScenario(io.cucumber.testng.PickleWrapper,io.cucumber.testng.FeatureWrapper)[pri:0, instance:RunnerFile.RunnerClass@77fbd92c]" started-at="2023-07-21T00:12:14 EDT" name="runScenario" description="Runs Cucumber Scenarios" data-provider="scenarios" finished-at="2023-07-21T00:12:14 EDT" duration-ms="664" status="PASS">
          <params>
            <param index="0">
              <value>
                <![CDATA["The user is presented with an error message"]]>
              </value>
            </param>
            <param index="1">
              <value>
                <![CDATA["Feature file to test register"]]>
              </value>
            </param>
          </params>
          <reporter-output>
          </reporter-output>
        </test-method> <!-- runScenario -->
        <test-method signature="runScenario(io.cucumber.testng.PickleWrapper,io.cucumber.testng.FeatureWrapper)[pri:0, instance:RunnerFile.RunnerClass@77fbd92c]" started-at="2023-07-21T00:12:14 EDT" name="runScenario" description="Runs Cucumber Scenarios" data-provider="scenarios" finished-at="2023-07-21T00:12:15 EDT" duration-ms="745" status="PASS">
          <params>
            <param index="0">
              <value>
                <![CDATA["The user is presented with an error message"]]>
              </value>
            </param>
            <param index="1">
              <value>
                <![CDATA["Feature file to test register"]]>
              </value>
            </param>
          </params>
          <reporter-output>
          </reporter-output>
        </test-method> <!-- runScenario -->
        <test-method signature="runScenario(io.cucumber.testng.PickleWrapper,io.cucumber.testng.FeatureWrapper)[pri:0, instance:RunnerFile.RunnerClass@77fbd92c]" started-at="2023-07-21T00:12:15 EDT" name="runScenario" description="Runs Cucumber Scenarios" data-provider="scenarios" finished-at="2023-07-21T00:12:16 EDT" duration-ms="607" status="PASS">
          <params>
            <param index="0">
              <value>
                <![CDATA["The user is presented with an error message"]]>
              </value>
            </param>
            <param index="1">
              <value>
                <![CDATA["Feature file to test register"]]>
              </value>
            </param>
          </params>
          <reporter-output>
          </reporter-output>
        </test-method> <!-- runScenario -->
        <test-method signature="runScenario(io.cucumber.testng.PickleWrapper,io.cucumber.testng.FeatureWrapper)[pri:0, instance:RunnerFile.RunnerClass@77fbd92c]" started-at="2023-07-21T00:12:16 EDT" name="runScenario" description="Runs Cucumber Scenarios" data-provider="scenarios" finished-at="2023-07-21T00:12:16 EDT" duration-ms="502" status="PASS">
          <params>
            <param index="0">
              <value>
                <![CDATA["The user is presented with an error message"]]>
              </value>
            </param>
            <param index="1">
              <value>
                <![CDATA["Feature file to test register"]]>
              </value>
            </param>
          </params>
          <reporter-output>
          </reporter-output>
        </test-method> <!-- runScenario -->
        <test-method signature="runScenario(io.cucumber.testng.PickleWrapper,io.cucumber.testng.FeatureWrapper)[pri:0, instance:RunnerFile.RunnerClass@77fbd92c]" started-at="2023-07-21T00:12:16 EDT" name="runScenario" description="Runs Cucumber Scenarios" data-provider="scenarios" finished-at="2023-07-21T00:12:17 EDT" duration-ms="899" status="PASS">
          <params>
            <param index="0">
              <value>
                <![CDATA["The user is presented with an error message"]]>
              </value>
            </param>
            <param index="1">
              <value>
                <![CDATA["Feature file to test register"]]>
              </value>
            </param>
          </params>
          <reporter-output>
          </reporter-output>
        </test-method> <!-- runScenario -->
        <test-method signature="runScenario(io.cucumber.testng.PickleWrapper,io.cucumber.testng.FeatureWrapper)[pri:0, instance:RunnerFile.RunnerClass@77fbd92c]" started-at="2023-07-21T00:12:17 EDT" name="runScenario" description="Runs Cucumber Scenarios" data-provider="scenarios" finished-at="2023-07-21T00:12:18 EDT" duration-ms="587" status="PASS">
          <params>
            <param index="0">
              <value>
                <![CDATA["The user is presented with an error message"]]>
              </value>
            </param>
            <param index="1">
              <value>
                <![CDATA["Feature file to test register"]]>
              </value>
            </param>
          </params>
          <reporter-output>
          </reporter-output>
        </test-method> <!-- runScenario -->
        <test-method signature="runScenario(io.cucumber.testng.PickleWrapper,io.cucumber.testng.FeatureWrapper)[pri:0, instance:RunnerFile.RunnerClass@77fbd92c]" started-at="2023-07-21T00:12:18 EDT" name="runScenario" description="Runs Cucumber Scenarios" data-provider="scenarios" finished-at="2023-07-21T00:12:18 EDT" duration-ms="576" status="PASS">
          <params>
            <param index="0">
              <value>
                <![CDATA["The user is presented with an error message"]]>
              </value>
            </param>
            <param index="1">
              <value>
                <![CDATA["Feature file to test register"]]>
              </value>
            </param>
          </params>
          <reporter-output>
          </reporter-output>
        </test-method> <!-- runScenario -->
        <test-method signature="runScenario(io.cucumber.testng.PickleWrapper,io.cucumber.testng.FeatureWrapper)[pri:0, instance:RunnerFile.RunnerClass@77fbd92c]" started-at="2023-07-21T00:12:18 EDT" name="runScenario" description="Runs Cucumber Scenarios" data-provider="scenarios" finished-at="2023-07-21T00:12:19 EDT" duration-ms="541" status="PASS">
          <params>
            <param index="0">
              <value>
                <![CDATA["The user is presented with an error message"]]>
              </value>
            </param>
            <param index="1">
              <value>
                <![CDATA["Feature file to test register"]]>
              </value>
            </param>
          </params>
          <reporter-output>
          </reporter-output>
        </test-method> <!-- runScenario -->
        <test-method signature="runScenario(io.cucumber.testng.PickleWrapper,io.cucumber.testng.FeatureWrapper)[pri:0, instance:RunnerFile.RunnerClass@77fbd92c]" started-at="2023-07-21T00:12:19 EDT" name="runScenario" description="Runs Cucumber Scenarios" data-provider="scenarios" finished-at="2023-07-21T00:12:19 EDT" duration-ms="565" status="PASS">
          <params>
            <param index="0">
              <value>
                <![CDATA["Navigating to login page"]]>
              </value>
            </param>
            <param index="1">
              <value>
                <![CDATA["Navigating to Login page of DS Algo"]]>
              </value>
            </param>
          </params>
          <reporter-output>
          </reporter-output>
        </test-method> <!-- runScenario -->
        <test-method signature="runScenario(io.cucumber.testng.PickleWrapper,io.cucumber.testng.FeatureWrapper)[pri:0, instance:RunnerFile.RunnerClass@77fbd92c]" started-at="2023-07-21T00:12:19 EDT" name="runScenario" description="Runs Cucumber Scenarios" data-provider="scenarios" finished-at="2023-07-21T00:12:20 EDT" duration-ms="651" status="PASS">
          <params>
            <param index="0">
              <value>
                <![CDATA["The user is presented with error message for "Incorrect username and password""]]>
              </value>
            </param>
            <param index="1">
              <value>
                <![CDATA["Navigating to Login page of DS Algo"]]>
              </value>
            </param>
          </params>
          <reporter-output>
          </reporter-output>
        </test-method> <!-- runScenario -->
        <test-method is-config="true" signature="tearDownClass()[pri:0, instance:RunnerFile.RunnerClass@77fbd92c]" started-at="2023-07-21T00:12:20 EDT" name="tearDownClass" finished-at="2023-07-21T00:12:22 EDT" duration-ms="2290" status="PASS">
          <reporter-output>
          </reporter-output>
        </test-method> <!-- tearDownClass -->
      </class> <!-- RunnerFile.RunnerClass -->
    </test> <!-- Default test -->
  </suite> <!-- Default suite -->
</testng-results>
